<?xml version="1.0" encoding="UTF-8"?>
<testng-results ignored="2" total="3" passed="1" failed="0" skipped="0">
  <reporter-output>
  </reporter-output>
  <suite started-at="2021-04-09T12:58:39 IST" name="Suite" finished-at="2021-04-09T12:59:15 IST" duration-ms="36173">
    <groups>
    </groups>
    <test started-at="2021-04-09T12:58:39 IST" name="Test" finished-at="2021-04-09T12:59:15 IST" duration-ms="36173">
      <class name="com.amazon.qa.testcases.LoginPageTest">
        <test-method is-config="true" signature="setup()[pri:0, instance:com.amazon.qa.testcases.LoginPageTest@7671cb68]" started-at="2021-04-09T12:58:39 IST" name="setup" finished-at="2021-04-09T12:59:14 IST" duration-ms="34682" status="PASS">
          <reporter-output>
          </reporter-output>
        </test-method> <!-- setup -->
        <test-method signature="loginPageTitleTest()[pri:1, instance:com.amazon.qa.testcases.LoginPageTest@7671cb68]" started-at="2021-04-09T12:59:14 IST" name="loginPageTitleTest" finished-at="2021-04-09T12:59:14 IST" duration-ms="299" status="PASS">
          <reporter-output>
          </reporter-output>
        </test-method> <!-- loginPageTitleTest -->
        <test-method is-config="true" signature="tearDown()[pri:0, instance:com.amazon.qa.testcases.LoginPageTest@7671cb68]" started-at="2021-04-09T12:59:14 IST" name="tearDown" finished-at="2021-04-09T12:59:15 IST" duration-ms="1054" status="PASS">
          <reporter-output>
          </reporter-output>
        </test-method> <!-- tearDown -->
      </class> <!-- com.amazon.qa.testcases.LoginPageTest -->
    </test> <!-- Test -->
  </suite> <!-- Suite -->
</testng-results>
