<?xml version="1.0" encoding="UTF-8"?>
<!-- Generated by org.testng.reporters.JUnitXMLReporter -->
<testsuite ignored="2" hostname="DESKTOP-61AG9I2" failures="0" tests="1" name="Test" time="36.173" errors="0" timestamp="2021-04-09T12:59:17 IST">
  <testcase classname="com.amazon.qa.testcases.LoginPageTest" name="loginPageTitleTest" time="0.299"/>
  <testcase classname="com.amazon.qa.testcases.LoginPageTest" name="login1Test" time="0.0">
    <ignored/>
  </testcase> <!-- login1Test -->
  <testcase classname="com.amazon.qa.testcases.LoginPageTest" name="crmlLogoTest" time="0.0">
    <ignored/>
  </testcase> <!-- crmlLogoTest -->
</testsuite> <!-- Test -->
