<?xml version="1.0" encoding="UTF-8"?>
<!-- Generated by org.testng.reporters.JUnitXMLReporter -->
<testsuite ignored="0" hostname="DESKTOP-61AG9I2" failures="0" tests="3" name="Default test" time="101.002" errors="0" timestamp="2021-03-23T22:37:08 IST">
  <testcase classname="com.amazon.qa.testcases.LoginPageTest" name="loginPageTitleTest" time="0.37"/>
  <testcase classname="com.amazon.qa.testcases.LoginPageTest" name="crmlLogoTest" time="0.569"/>
  <testcase classname="com.amazon.qa.testcases.LoginPageTest" name="loginTest" time="16.996"/>
</testsuite> <!-- Default test -->
